The system is: Windows - 10.0.19043 - AMD64
Compiling the C compiler identification source file "CMakeCCompilerId.c" succeeded.
Compiler: C:/Program Files/Microsoft Visual Studio/2022/Community/VC/Tools/MSVC/14.30.30705/bin/Hostx86/x86/cl.exe 
Build flags: 
Id flags:  

The output was:
0
Оптимизирующий компилятор Microsoft (R) C/C++ версии 19.30.30705 для x86
(C) Корпорация Майкрософт (Microsoft Corporation).  Все права защищены.

CMakeCCompilerId.c
Microsoft (R) Incremental Linker Version 14.30.30705.0
Copyright (C) Microsoft Corporation.  All rights reserved.

/out:CMakeCCompilerId.exe 
CMakeCCompilerId.obj 


Compilation of the C compiler identification source "CMakeCCompilerId.c" produced "CMakeCCompilerId.exe"

Compilation of the C compiler identification source "CMakeCCompilerId.c" produced "CMakeCCompilerId.obj"

The C compiler identification is MSVC, found in "D:/program etc/projects2/sp/ipc/cmake-build-release-visual-studio/CMakeFiles/3.20.2/CompilerIdC/CMakeCCompilerId.exe"

Detecting C compiler ABI info compiled with the following output:
Change Dir: D:/program etc/projects2/sp/ipc/cmake-build-release-visual-studio/CMakeFiles/CMakeTmp

Run Build Command(s):nmake -f Makefile /nologo cmTC_791e2\fast && 	"C:\Program Files\Microsoft Visual Studio\2022\Community\VC\Tools\MSVC\14.30.30705\bin\HostX86\x86\nmake.exe"  -f CMakeFiles\cmTC_791e2.dir\build.make /nologo -L                  CMakeFiles\cmTC_791e2.dir\build
Building C object CMakeFiles/cmTC_791e2.dir/CMakeCCompilerABI.c.obj
	"D:\prog\CLion 2020.2.3\bin\cmake\win\bin\cmake.exe" -E cmake_cl_compile_depends --dep-file=CMakeFiles\cmTC_791e2.dir\CMakeCCompilerABI.c.obj.d --working-dir="D:\program etc\projects2\sp\ipc\cmake-build-release-visual-studio\CMakeFiles\CMakeTmp" --filter-prefix="" -- C:\PROGRA~1\MIB055~1\2022\COMMUN~1\VC\Tools\MSVC\1430~1.307\bin\Hostx86\x86\cl.exe @C:\Users\gmm11\AppData\Local\Temp\nm4CA5.tmp
Linking C executable cmTC_791e2.exe
	"D:\prog\CLion 2020.2.3\bin\cmake\win\bin\cmake.exe" -E vs_link_exe --intdir=CMakeFiles\cmTC_791e2.dir --rc=C:\PROGRA~2\WI3CF2~1\10\bin\100190~1.0\x86\rc.exe --mt=C:\PROGRA~2\WI3CF2~1\10\bin\100190~1.0\x86\mt.exe --manifests -- C:\PROGRA~1\MIB055~1\2022\COMMUN~1\VC\Tools\MSVC\1430~1.307\bin\Hostx86\x86\link.exe /nologo @CMakeFiles\cmTC_791e2.dir\objects1.rsp @C:\Users\gmm11\AppData\Local\Temp\nm4E2D.tmp



